<?xml version="1.0" encoding="UTF-8"?>
<!-- Generated by org.testng.reporters.JUnitReportReporter -->
<testsuite hostname="BDC11-L-7200DN4" failures="0" tests="2" name="startreport.Datadrive" time="66.251" errors="0" timestamp="20 Dec 2018 02:31:04 GMT" skipped="0">
  <testcase classname="startreport.Datadrive" name="dataDrive" time="30.098"/>
  <testcase classname="startreport.Datadrive" name="dataDrive" time="36.153"/>
</testsuite> <!-- startreport.Datadrive -->
