<?xml version="1.0" encoding="UTF-8"?>
<!-- Generated by org.testng.reporters.JUnitReportReporter -->
<testsuite hostname="BDC11-L-7200DN4" failures="0" tests="1" name="startreport.Multiplescreenshot" time="10.713" errors="0" timestamp="20 Dec 2018 05:34:28 GMT" skipped="0">
  <testcase classname="startreport.Multiplescreenshot" name="testing1" time="10.713"/>
</testsuite> <!-- startreport.Multiplescreenshot -->
