<?xml version="1.0" encoding="UTF-8"?>
<!-- Generated by org.testng.reporters.JUnitReportReporter -->
<testsuite hostname="BDC11-L-7200DN4" failures="0" tests="1" name="startreport.Thirdparty" time="34.930" errors="0" timestamp="20 Dec 2018 06:13:59 GMT" skipped="0">
  <testcase classname="startreport.Thirdparty" name="testing" time="34.930"/>
</testsuite> <!-- startreport.Thirdparty -->
